2013/03/01 20:30:29 [error] [php] date(): It is not safe to rely on the system's timezone settings. You are *required* to use the date.timezone setting or the date_default_timezone_set() function. In case you used any of those methods and you are still getting this warning, you most likely misspelled the timezone identifier. We selected 'Europe/Moscow' for 'MSK/4.0/no DST' instead (/var/www/eskin/data/www/template/demos/blog/protected/views/post/_view.php:6)
Stack trace:
#0 /var/www/eskin/data/www/template/framework/web/CBaseController.php(95): PostController->renderInternal()
#1 /var/www/eskin/data/www/template/framework/zii/widgets/CListView.php(281): PostController->renderFile()
#2 /var/www/eskin/data/www/template/framework/zii/widgets/CBaseListView.php(160): CListView->renderItems()
#3 unknown(0): CListView->renderSection()
#4 /var/www/eskin/data/www/template/framework/zii/widgets/CBaseListView.php(143): preg_replace_callback()
#5 /var/www/eskin/data/www/template/framework/zii/widgets/CBaseListView.php(128): CListView->renderContent()
#6 /var/www/eskin/data/www/template/framework/web/CBaseController.php(173): CListView->run()
#7 /var/www/eskin/data/www/template/demos/blog/protected/views/post/index.php(9): PostController->widget()
#8 /var/www/eskin/data/www/template/framework/web/CBaseController.php(126): require()
#9 /var/www/eskin/data/www/template/framework/web/CBaseController.php(95): PostController->renderInternal()
#10 /var/www/eskin/data/www/template/framework/web/CController.php(869): PostController->renderFile()
#11 /var/www/eskin/data/www/template/framework/web/CController.php(782): PostController->renderPartial()
#12 /var/www/eskin/data/www/template/demos/blog/protected/controllers/PostController.php(136): PostController->render()
#13 /var/www/eskin/data/www/template/framework/web/actions/CInlineAction.php(49): PostController->actionIndex()
#14 /var/www/eskin/data/www/template/framework/web/CController.php(308): CInlineAction->runWithParams()
#15 /var/www/eskin/data/www/template/framework/web/filters/CFilterChain.php(133): PostController->runAction()
#16 /var/www/eskin/data/www/template/framework/web/filters/CFilter.php(40): CFilterChain->run()
#17 /var/www/eskin/data/www/template/framework/web/CController.php(1145): CAccessControlFilter->filter()
#18 /var/www/eskin/data/www/template/framework/web/filters/CInlineFilter.php(58): PostController->filterAccessControl()
#19 /var/www/eskin/data/www/template/framework/web/filters/CFilterChain.php(130): CInlineFilter->filter()
#20 /var/www/eskin/data/www/template/framework/web/CController.php(291): CFilterChain->run()
#21 /var/www/eskin/data/www/template/framework/web/CController.php(265): PostController->runActionWithFilters()
#22 /var/www/eskin/data/www/template/framework/web/CWebApplication.php(282): PostController->run()
#23 /var/www/eskin/data/www/template/framework/web/CWebApplication.php(141): CWebApplication->runController()
#24 /var/www/eskin/data/www/template/framework/base/CApplication.php(169): CWebApplication->processRequest()
#25 /var/www/eskin/data/www/template/demos/blog/index.php(11): CWebApplication->run()
REQUEST_URI=/blog/
2013/03/01 20:30:29 [error] [php] date(): It is not safe to rely on the system's timezone settings. You are *required* to use the date.timezone setting or the date_default_timezone_set() function. In case you used any of those methods and you are still getting this warning, you most likely misspelled the timezone identifier. We selected 'Europe/Moscow' for 'MSK/4.0/no DST' instead (/var/www/eskin/data/www/template/demos/blog/protected/views/post/_view.php:6)
Stack trace:
#0 /var/www/eskin/data/www/template/framework/web/CBaseController.php(95): PostController->renderInternal()
#1 /var/www/eskin/data/www/template/framework/zii/widgets/CListView.php(281): PostController->renderFile()
#2 /var/www/eskin/data/www/template/framework/zii/widgets/CBaseListView.php(160): CListView->renderItems()
#3 unknown(0): CListView->renderSection()
#4 /var/www/eskin/data/www/template/framework/zii/widgets/CBaseListView.php(143): preg_replace_callback()
#5 /var/www/eskin/data/www/template/framework/zii/widgets/CBaseListView.php(128): CListView->renderContent()
#6 /var/www/eskin/data/www/template/framework/web/CBaseController.php(173): CListView->run()
#7 /var/www/eskin/data/www/template/demos/blog/protected/views/post/index.php(9): PostController->widget()
#8 /var/www/eskin/data/www/template/framework/web/CBaseController.php(126): require()
#9 /var/www/eskin/data/www/template/framework/web/CBaseController.php(95): PostController->renderInternal()
#10 /var/www/eskin/data/www/template/framework/web/CController.php(869): PostController->renderFile()
#11 /var/www/eskin/data/www/template/framework/web/CController.php(782): PostController->renderPartial()
#12 /var/www/eskin/data/www/template/demos/blog/protected/controllers/PostController.php(136): PostController->render()
#13 /var/www/eskin/data/www/template/framework/web/actions/CInlineAction.php(49): PostController->actionIndex()
#14 /var/www/eskin/data/www/template/framework/web/CController.php(308): CInlineAction->runWithParams()
#15 /var/www/eskin/data/www/template/framework/web/filters/CFilterChain.php(133): PostController->runAction()
#16 /var/www/eskin/data/www/template/framework/web/filters/CFilter.php(40): CFilterChain->run()
#17 /var/www/eskin/data/www/template/framework/web/CController.php(1145): CAccessControlFilter->filter()
#18 /var/www/eskin/data/www/template/framework/web/filters/CInlineFilter.php(58): PostController->filterAccessControl()
#19 /var/www/eskin/data/www/template/framework/web/filters/CFilterChain.php(130): CInlineFilter->filter()
#20 /var/www/eskin/data/www/template/framework/web/CController.php(291): CFilterChain->run()
#21 /var/www/eskin/data/www/template/framework/web/CController.php(265): PostController->runActionWithFilters()
#22 /var/www/eskin/data/www/template/framework/web/CWebApplication.php(282): PostController->run()
#23 /var/www/eskin/data/www/template/framework/web/CWebApplication.php(141): CWebApplication->runController()
#24 /var/www/eskin/data/www/template/framework/base/CApplication.php(169): CWebApplication->processRequest()
#25 /var/www/eskin/data/www/template/demos/blog/index.php(11): CWebApplication->run()
REQUEST_URI=/blog/
2013/03/01 20:30:24 [error] [php] date(): It is not safe to rely on the system's timezone settings. You are *required* to use the date.timezone setting or the date_default_timezone_set() function. In case you used any of those methods and you are still getting this warning, you most likely misspelled the timezone identifier. We selected 'Europe/Moscow' for 'MSK/4.0/no DST' instead (/var/www/eskin/data/www/template/demos/blog/protected/views/post/_view.php:6)
Stack trace:
#0 /var/www/eskin/data/www/template/framework/web/CBaseController.php(95): PostController->renderInternal()
#1 /var/www/eskin/data/www/template/framework/zii/widgets/CListView.php(281): PostController->renderFile()
#2 /var/www/eskin/data/www/template/framework/zii/widgets/CBaseListView.php(160): CListView->renderItems()
#3 unknown(0): CListView->renderSection()
#4 /var/www/eskin/data/www/template/framework/zii/widgets/CBaseListView.php(143): preg_replace_callback()
#5 /var/www/eskin/data/www/template/framework/zii/widgets/CBaseListView.php(128): CListView->renderContent()
#6 /var/www/eskin/data/www/template/framework/web/CBaseController.php(173): CListView->run()
#7 /var/www/eskin/data/www/template/demos/blog/protected/views/post/index.php(9): PostController->widget()
#8 /var/www/eskin/data/www/template/framework/web/CBaseController.php(126): require()
#9 /var/www/eskin/data/www/template/framework/web/CBaseController.php(95): PostController->renderInternal()
#10 /var/www/eskin/data/www/template/framework/web/CController.php(869): PostController->renderFile()
#11 /var/www/eskin/data/www/template/framework/web/CController.php(782): PostController->renderPartial()
#12 /var/www/eskin/data/www/template/demos/blog/protected/controllers/PostController.php(136): PostController->render()
#13 /var/www/eskin/data/www/template/framework/web/actions/CInlineAction.php(49): PostController->actionIndex()
#14 /var/www/eskin/data/www/template/framework/web/CController.php(308): CInlineAction->runWithParams()
#15 /var/www/eskin/data/www/template/framework/web/filters/CFilterChain.php(133): PostController->runAction()
#16 /var/www/eskin/data/www/template/framework/web/filters/CFilter.php(40): CFilterChain->run()
#17 /var/www/eskin/data/www/template/framework/web/CController.php(1145): CAccessControlFilter->filter()
#18 /var/www/eskin/data/www/template/framework/web/filters/CInlineFilter.php(58): PostController->filterAccessControl()
#19 /var/www/eskin/data/www/template/framework/web/filters/CFilterChain.php(130): CInlineFilter->filter()
#20 /var/www/eskin/data/www/template/framework/web/CController.php(291): CFilterChain->run()
#21 /var/www/eskin/data/www/template/framework/web/CController.php(265): PostController->runActionWithFilters()
#22 /var/www/eskin/data/www/template/framework/web/CWebApplication.php(282): PostController->run()
#23 /var/www/eskin/data/www/template/framework/web/CWebApplication.php(141): CWebApplication->runController()
#24 /var/www/eskin/data/www/template/framework/base/CApplication.php(169): CWebApplication->processRequest()
#25 /var/www/eskin/data/www/template/demos/blog/index.php(11): CWebApplication->run()
REQUEST_URI=/blog/
2013/03/01 20:31:05 [error] [php] date(): It is not safe to rely on the system's timezone settings. You are *required* to use the date.timezone setting or the date_default_timezone_set() function. In case you used any of those methods and you are still getting this warning, you most likely misspelled the timezone identifier. We selected 'Europe/Moscow' for 'MSK/4.0/no DST' instead (/var/www/eskin/data/www/template/demos/blog/protected/views/layouts/main.php:47)
Stack trace:
#0 /var/www/eskin/data/www/template/framework/web/CBaseController.php(95): SiteController->renderInternal()
#1 /var/www/eskin/data/www/template/framework/web/widgets/CContentDecorator.php(76): SiteController->renderFile()
#2 /var/www/eskin/data/www/template/framework/web/widgets/CContentDecorator.php(54): CContentDecorator->decorate()
#3 /var/www/eskin/data/www/template/framework/web/widgets/COutputProcessor.php(44): CContentDecorator->processOutput()
#4 /var/www/eskin/data/www/template/framework/web/CBaseController.php(206): CContentDecorator->run()
#5 /var/www/eskin/data/www/template/framework/web/CBaseController.php(300): SiteController->endWidget()
#6 /var/www/eskin/data/www/template/demos/blog/protected/views/layouts/column1.php(7): SiteController->endContent()
#7 /var/www/eskin/data/www/template/framework/web/CBaseController.php(126): require()
#8 /var/www/eskin/data/www/template/framework/web/CBaseController.php(95): SiteController->renderInternal()
#9 /var/www/eskin/data/www/template/framework/web/CController.php(784): SiteController->renderFile()
#10 /var/www/eskin/data/www/template/framework/web/actions/CViewAction.php(140): SiteController->render()
#11 /var/www/eskin/data/www/template/framework/web/actions/CAction.php(76): CViewAction->run()
#12 /var/www/eskin/data/www/template/framework/web/CController.php(308): CViewAction->runWithParams()
#13 /var/www/eskin/data/www/template/framework/web/CController.php(286): SiteController->runAction()
#14 /var/www/eskin/data/www/template/framework/web/CController.php(265): SiteController->runActionWithFilters()
#15 /var/www/eskin/data/www/template/framework/web/CWebApplication.php(282): SiteController->run()
#16 /var/www/eskin/data/www/template/framework/web/CWebApplication.php(141): CWebApplication->runController()
#17 /var/www/eskin/data/www/template/framework/base/CApplication.php(169): CWebApplication->processRequest()
#18 /var/www/eskin/data/www/template/demos/blog/index.php(11): CWebApplication->run()
REQUEST_URI=/blog/index.php/site/page?view=about
2013/03/01 20:31:07 [error] [php] date(): It is not safe to rely on the system's timezone settings. You are *required* to use the date.timezone setting or the date_default_timezone_set() function. In case you used any of those methods and you are still getting this warning, you most likely misspelled the timezone identifier. We selected 'Europe/Moscow' for 'MSK/4.0/no DST' instead (/var/www/eskin/data/www/template/demos/blog/protected/views/layouts/main.php:47)
Stack trace:
#0 /var/www/eskin/data/www/template/framework/web/CBaseController.php(95): SiteController->renderInternal()
#1 /var/www/eskin/data/www/template/framework/web/widgets/CContentDecorator.php(76): SiteController->renderFile()
#2 /var/www/eskin/data/www/template/framework/web/widgets/CContentDecorator.php(54): CContentDecorator->decorate()
#3 /var/www/eskin/data/www/template/framework/web/widgets/COutputProcessor.php(44): CContentDecorator->processOutput()
#4 /var/www/eskin/data/www/template/framework/web/CBaseController.php(206): CContentDecorator->run()
#5 /var/www/eskin/data/www/template/framework/web/CBaseController.php(300): SiteController->endWidget()
#6 /var/www/eskin/data/www/template/demos/blog/protected/views/layouts/column1.php(7): SiteController->endContent()
#7 /var/www/eskin/data/www/template/framework/web/CBaseController.php(126): require()
#8 /var/www/eskin/data/www/template/framework/web/CBaseController.php(95): SiteController->renderInternal()
#9 /var/www/eskin/data/www/template/framework/web/CController.php(784): SiteController->renderFile()
#10 /var/www/eskin/data/www/template/demos/blog/protected/controllers/SiteController.php(57): SiteController->render()
#11 /var/www/eskin/data/www/template/framework/web/actions/CInlineAction.php(49): SiteController->actionContact()
#12 /var/www/eskin/data/www/template/framework/web/CController.php(308): CInlineAction->runWithParams()
#13 /var/www/eskin/data/www/template/framework/web/CController.php(286): SiteController->runAction()
#14 /var/www/eskin/data/www/template/framework/web/CController.php(265): SiteController->runActionWithFilters()
#15 /var/www/eskin/data/www/template/framework/web/CWebApplication.php(282): SiteController->run()
#16 /var/www/eskin/data/www/template/framework/web/CWebApplication.php(141): CWebApplication->runController()
#17 /var/www/eskin/data/www/template/framework/base/CApplication.php(169): CWebApplication->processRequest()
#18 /var/www/eskin/data/www/template/demos/blog/index.php(11): CWebApplication->run()
REQUEST_URI=/blog/index.php/site/contact
2013/03/01 20:31:09 [error] [php] date(): It is not safe to rely on the system's timezone settings. You are *required* to use the date.timezone setting or the date_default_timezone_set() function. In case you used any of those methods and you are still getting this warning, you most likely misspelled the timezone identifier. We selected 'Europe/Moscow' for 'MSK/4.0/no DST' instead (/var/www/eskin/data/www/template/demos/blog/protected/views/layouts/main.php:47)
Stack trace:
#0 /var/www/eskin/data/www/template/framework/web/CBaseController.php(95): SiteController->renderInternal()
#1 /var/www/eskin/data/www/template/framework/web/widgets/CContentDecorator.php(76): SiteController->renderFile()
#2 /var/www/eskin/data/www/template/framework/web/widgets/CContentDecorator.php(54): CContentDecorator->decorate()
#3 /var/www/eskin/data/www/template/framework/web/widgets/COutputProcessor.php(44): CContentDecorator->processOutput()
#4 /var/www/eskin/data/www/template/framework/web/CBaseController.php(206): CContentDecorator->run()
#5 /var/www/eskin/data/www/template/framework/web/CBaseController.php(300): SiteController->endWidget()
#6 /var/www/eskin/data/www/template/demos/blog/protected/views/layouts/column1.php(7): SiteController->endContent()
#7 /var/www/eskin/data/www/template/framework/web/CBaseController.php(126): require()
#8 /var/www/eskin/data/www/template/framework/web/CBaseController.php(95): SiteController->renderInternal()
#9 /var/www/eskin/data/www/template/framework/web/CController.php(784): SiteController->renderFile()
#10 /var/www/eskin/data/www/template/demos/blog/protected/controllers/SiteController.php(86): SiteController->render()
#11 /var/www/eskin/data/www/template/framework/web/actions/CInlineAction.php(49): SiteController->actionLogin()
#12 /var/www/eskin/data/www/template/framework/web/CController.php(308): CInlineAction->runWithParams()
#13 /var/www/eskin/data/www/template/framework/web/CController.php(286): SiteController->runAction()
#14 /var/www/eskin/data/www/template/framework/web/CController.php(265): SiteController->runActionWithFilters()
#15 /var/www/eskin/data/www/template/framework/web/CWebApplication.php(282): SiteController->run()
#16 /var/www/eskin/data/www/template/framework/web/CWebApplication.php(141): CWebApplication->runController()
#17 /var/www/eskin/data/www/template/framework/base/CApplication.php(169): CWebApplication->processRequest()
#18 /var/www/eskin/data/www/template/demos/blog/index.php(11): CWebApplication->run()
REQUEST_URI=/blog/index.php/site/login
2013/03/01 20:31:56 [error] [php] date(): It is not safe to rely on the system's timezone settings. You are *required* to use the date.timezone setting or the date_default_timezone_set() function. In case you used any of those methods and you are still getting this warning, you most likely misspelled the timezone identifier. We selected 'Europe/Moscow' for 'MSK/4.0/no DST' instead (/var/www/eskin/data/www/template/demos/blog/protected/views/post/_view.php:6)
Stack trace:
#0 /var/www/eskin/data/www/template/framework/web/CBaseController.php(95): PostController->renderInternal()
#1 /var/www/eskin/data/www/template/framework/zii/widgets/CListView.php(281): PostController->renderFile()
#2 /var/www/eskin/data/www/template/framework/zii/widgets/CBaseListView.php(160): CListView->renderItems()
#3 unknown(0): CListView->renderSection()
#4 /var/www/eskin/data/www/template/framework/zii/widgets/CBaseListView.php(143): preg_replace_callback()
#5 /var/www/eskin/data/www/template/framework/zii/widgets/CBaseListView.php(128): CListView->renderContent()
#6 /var/www/eskin/data/www/template/framework/web/CBaseController.php(173): CListView->run()
#7 /var/www/eskin/data/www/template/demos/blog/protected/views/post/index.php(9): PostController->widget()
#8 /var/www/eskin/data/www/template/framework/web/CBaseController.php(126): require()
#9 /var/www/eskin/data/www/template/framework/web/CBaseController.php(95): PostController->renderInternal()
#10 /var/www/eskin/data/www/template/framework/web/CController.php(869): PostController->renderFile()
#11 /var/www/eskin/data/www/template/framework/web/CController.php(782): PostController->renderPartial()
#12 /var/www/eskin/data/www/template/demos/blog/protected/controllers/PostController.php(136): PostController->render()
#13 /var/www/eskin/data/www/template/framework/web/actions/CInlineAction.php(49): PostController->actionIndex()
#14 /var/www/eskin/data/www/template/framework/web/CController.php(308): CInlineAction->runWithParams()
#15 /var/www/eskin/data/www/template/framework/web/filters/CFilterChain.php(133): PostController->runAction()
#16 /var/www/eskin/data/www/template/framework/web/filters/CFilter.php(40): CFilterChain->run()
#17 /var/www/eskin/data/www/template/framework/web/CController.php(1145): CAccessControlFilter->filter()
#18 /var/www/eskin/data/www/template/framework/web/filters/CInlineFilter.php(58): PostController->filterAccessControl()
#19 /var/www/eskin/data/www/template/framework/web/filters/CFilterChain.php(130): CInlineFilter->filter()
#20 /var/www/eskin/data/www/template/framework/web/CController.php(291): CFilterChain->run()
#21 /var/www/eskin/data/www/template/framework/web/CController.php(265): PostController->runActionWithFilters()
#22 /var/www/eskin/data/www/template/framework/web/CWebApplication.php(282): PostController->run()
#23 /var/www/eskin/data/www/template/framework/web/CWebApplication.php(141): CWebApplication->runController()
#24 /var/www/eskin/data/www/template/framework/base/CApplication.php(169): CWebApplication->processRequest()
#25 /var/www/eskin/data/www/template/demos/blog/index.php(11): CWebApplication->run()
REQUEST_URI=/
2013/03/01 20:32:01 [error] [php] date(): It is not safe to rely on the system's timezone settings. You are *required* to use the date.timezone setting or the date_default_timezone_set() function. In case you used any of those methods and you are still getting this warning, you most likely misspelled the timezone identifier. We selected 'Europe/Moscow' for 'MSK/4.0/no DST' instead (/var/www/eskin/data/www/template/demos/blog/protected/views/post/_view.php:6)
Stack trace:
#0 /var/www/eskin/data/www/template/framework/web/CBaseController.php(95): PostController->renderInternal()
#1 /var/www/eskin/data/www/template/framework/zii/widgets/CListView.php(281): PostController->renderFile()
#2 /var/www/eskin/data/www/template/framework/zii/widgets/CBaseListView.php(160): CListView->renderItems()
#3 unknown(0): CListView->renderSection()
#4 /var/www/eskin/data/www/template/framework/zii/widgets/CBaseListView.php(143): preg_replace_callback()
#5 /var/www/eskin/data/www/template/framework/zii/widgets/CBaseListView.php(128): CListView->renderContent()
#6 /var/www/eskin/data/www/template/framework/web/CBaseController.php(173): CListView->run()
#7 /var/www/eskin/data/www/template/demos/blog/protected/views/post/index.php(9): PostController->widget()
#8 /var/www/eskin/data/www/template/framework/web/CBaseController.php(126): require()
#9 /var/www/eskin/data/www/template/framework/web/CBaseController.php(95): PostController->renderInternal()
#10 /var/www/eskin/data/www/template/framework/web/CController.php(869): PostController->renderFile()
#11 /var/www/eskin/data/www/template/framework/web/CController.php(782): PostController->renderPartial()
#12 /var/www/eskin/data/www/template/demos/blog/protected/controllers/PostController.php(136): PostController->render()
#13 /var/www/eskin/data/www/template/framework/web/actions/CInlineAction.php(49): PostController->actionIndex()
#14 /var/www/eskin/data/www/template/framework/web/CController.php(308): CInlineAction->runWithParams()
#15 /var/www/eskin/data/www/template/framework/web/filters/CFilterChain.php(133): PostController->runAction()
#16 /var/www/eskin/data/www/template/framework/web/filters/CFilter.php(40): CFilterChain->run()
#17 /var/www/eskin/data/www/template/framework/web/CController.php(1145): CAccessControlFilter->filter()
#18 /var/www/eskin/data/www/template/framework/web/filters/CInlineFilter.php(58): PostController->filterAccessControl()
#19 /var/www/eskin/data/www/template/framework/web/filters/CFilterChain.php(130): CInlineFilter->filter()
#20 /var/www/eskin/data/www/template/framework/web/CController.php(291): CFilterChain->run()
#21 /var/www/eskin/data/www/template/framework/web/CController.php(265): PostController->runActionWithFilters()
#22 /var/www/eskin/data/www/template/framework/web/CWebApplication.php(282): PostController->run()
#23 /var/www/eskin/data/www/template/framework/web/CWebApplication.php(141): CWebApplication->runController()
#24 /var/www/eskin/data/www/template/framework/base/CApplication.php(169): CWebApplication->processRequest()
#25 /var/www/eskin/data/www/template/demos/blog/index.php(11): CWebApplication->run()
REQUEST_URI=/
2013/03/01 20:32:02 [error] [php] date(): It is not safe to rely on the system's timezone settings. You are *required* to use the date.timezone setting or the date_default_timezone_set() function. In case you used any of those methods and you are still getting this warning, you most likely misspelled the timezone identifier. We selected 'Europe/Moscow' for 'MSK/4.0/no DST' instead (/var/www/eskin/data/www/template/demos/blog/protected/views/post/_view.php:6)
Stack trace:
#0 /var/www/eskin/data/www/template/framework/web/CBaseController.php(95): PostController->renderInternal()
#1 /var/www/eskin/data/www/template/framework/zii/widgets/CListView.php(281): PostController->renderFile()
#2 /var/www/eskin/data/www/template/framework/zii/widgets/CBaseListView.php(160): CListView->renderItems()
#3 unknown(0): CListView->renderSection()
#4 /var/www/eskin/data/www/template/framework/zii/widgets/CBaseListView.php(143): preg_replace_callback()
#5 /var/www/eskin/data/www/template/framework/zii/widgets/CBaseListView.php(128): CListView->renderContent()
#6 /var/www/eskin/data/www/template/framework/web/CBaseController.php(173): CListView->run()
#7 /var/www/eskin/data/www/template/demos/blog/protected/views/post/index.php(9): PostController->widget()
#8 /var/www/eskin/data/www/template/framework/web/CBaseController.php(126): require()
#9 /var/www/eskin/data/www/template/framework/web/CBaseController.php(95): PostController->renderInternal()
#10 /var/www/eskin/data/www/template/framework/web/CController.php(869): PostController->renderFile()
#11 /var/www/eskin/data/www/template/framework/web/CController.php(782): PostController->renderPartial()
#12 /var/www/eskin/data/www/template/demos/blog/protected/controllers/PostController.php(136): PostController->render()
#13 /var/www/eskin/data/www/template/framework/web/actions/CInlineAction.php(49): PostController->actionIndex()
#14 /var/www/eskin/data/www/template/framework/web/CController.php(308): CInlineAction->runWithParams()
#15 /var/www/eskin/data/www/template/framework/web/filters/CFilterChain.php(133): PostController->runAction()
#16 /var/www/eskin/data/www/template/framework/web/filters/CFilter.php(40): CFilterChain->run()
#17 /var/www/eskin/data/www/template/framework/web/CController.php(1145): CAccessControlFilter->filter()
#18 /var/www/eskin/data/www/template/framework/web/filters/CInlineFilter.php(58): PostController->filterAccessControl()
#19 /var/www/eskin/data/www/template/framework/web/filters/CFilterChain.php(130): CInlineFilter->filter()
#20 /var/www/eskin/data/www/template/framework/web/CController.php(291): CFilterChain->run()
#21 /var/www/eskin/data/www/template/framework/web/CController.php(265): PostController->runActionWithFilters()
#22 /var/www/eskin/data/www/template/framework/web/CWebApplication.php(282): PostController->run()
#23 /var/www/eskin/data/www/template/framework/web/CWebApplication.php(141): CWebApplication->runController()
#24 /var/www/eskin/data/www/template/framework/base/CApplication.php(169): CWebApplication->processRequest()
#25 /var/www/eskin/data/www/template/demos/blog/index.php(11): CWebApplication->run()
REQUEST_URI=/
2013/03/01 20:37:26 [error] [php] date(): It is not safe to rely on the system's timezone settings. You are *required* to use the date.timezone setting or the date_default_timezone_set() function. In case you used any of those methods and you are still getting this warning, you most likely misspelled the timezone identifier. We selected 'Europe/Moscow' for 'MSK/4.0/no DST' instead (/var/www/eskin/data/www/template/demos/blog/protected/views/post/_view.php:6)
Stack trace:
#0 /var/www/eskin/data/www/template/framework/web/CBaseController.php(95): PostController->renderInternal()
#1 /var/www/eskin/data/www/template/framework/zii/widgets/CListView.php(281): PostController->renderFile()
#2 /var/www/eskin/data/www/template/framework/zii/widgets/CBaseListView.php(160): CListView->renderItems()
#3 unknown(0): CListView->renderSection()
#4 /var/www/eskin/data/www/template/framework/zii/widgets/CBaseListView.php(143): preg_replace_callback()
#5 /var/www/eskin/data/www/template/framework/zii/widgets/CBaseListView.php(128): CListView->renderContent()
#6 /var/www/eskin/data/www/template/framework/web/CBaseController.php(173): CListView->run()
#7 /var/www/eskin/data/www/template/demos/blog/protected/views/post/index.php(9): PostController->widget()
#8 /var/www/eskin/data/www/template/framework/web/CBaseController.php(126): require()
#9 /var/www/eskin/data/www/template/framework/web/CBaseController.php(95): PostController->renderInternal()
#10 /var/www/eskin/data/www/template/framework/web/CController.php(869): PostController->renderFile()
#11 /var/www/eskin/data/www/template/framework/web/CController.php(782): PostController->renderPartial()
#12 /var/www/eskin/data/www/template/demos/blog/protected/controllers/PostController.php(136): PostController->render()
#13 /var/www/eskin/data/www/template/framework/web/actions/CInlineAction.php(49): PostController->actionIndex()
#14 /var/www/eskin/data/www/template/framework/web/CController.php(308): CInlineAction->runWithParams()
#15 /var/www/eskin/data/www/template/framework/web/filters/CFilterChain.php(133): PostController->runAction()
#16 /var/www/eskin/data/www/template/framework/web/filters/CFilter.php(40): CFilterChain->run()
#17 /var/www/eskin/data/www/template/framework/web/CController.php(1145): CAccessControlFilter->filter()
#18 /var/www/eskin/data/www/template/framework/web/filters/CInlineFilter.php(58): PostController->filterAccessControl()
#19 /var/www/eskin/data/www/template/framework/web/filters/CFilterChain.php(130): CInlineFilter->filter()
#20 /var/www/eskin/data/www/template/framework/web/CController.php(291): CFilterChain->run()
#21 /var/www/eskin/data/www/template/framework/web/CController.php(265): PostController->runActionWithFilters()
#22 /var/www/eskin/data/www/template/framework/web/CWebApplication.php(282): PostController->run()
#23 /var/www/eskin/data/www/template/framework/web/CWebApplication.php(141): CWebApplication->runController()
#24 /var/www/eskin/data/www/template/framework/base/CApplication.php(169): CWebApplication->processRequest()
#25 /var/www/eskin/data/www/template/demos/blog/index.php(11): CWebApplication->run()
REQUEST_URI=/
2013/03/01 20:37:34 [error] [php] date(): It is not safe to rely on the system's timezone settings. You are *required* to use the date.timezone setting or the date_default_timezone_set() function. In case you used any of those methods and you are still getting this warning, you most likely misspelled the timezone identifier. We selected 'Europe/Moscow' for 'MSK/4.0/no DST' instead (/var/www/eskin/data/www/template/demos/blog/protected/views/post/_view.php:6)
Stack trace:
#0 /var/www/eskin/data/www/template/framework/web/CBaseController.php(95): PostController->renderInternal()
#1 /var/www/eskin/data/www/template/framework/zii/widgets/CListView.php(281): PostController->renderFile()
#2 /var/www/eskin/data/www/template/framework/zii/widgets/CBaseListView.php(160): CListView->renderItems()
#3 unknown(0): CListView->renderSection()
#4 /var/www/eskin/data/www/template/framework/zii/widgets/CBaseListView.php(143): preg_replace_callback()
#5 /var/www/eskin/data/www/template/framework/zii/widgets/CBaseListView.php(128): CListView->renderContent()
#6 /var/www/eskin/data/www/template/framework/web/CBaseController.php(173): CListView->run()
#7 /var/www/eskin/data/www/template/demos/blog/protected/views/post/index.php(9): PostController->widget()
#8 /var/www/eskin/data/www/template/framework/web/CBaseController.php(126): require()
#9 /var/www/eskin/data/www/template/framework/web/CBaseController.php(95): PostController->renderInternal()
#10 /var/www/eskin/data/www/template/framework/web/CController.php(869): PostController->renderFile()
#11 /var/www/eskin/data/www/template/framework/web/CController.php(782): PostController->renderPartial()
#12 /var/www/eskin/data/www/template/demos/blog/protected/controllers/PostController.php(136): PostController->render()
#13 /var/www/eskin/data/www/template/framework/web/actions/CInlineAction.php(49): PostController->actionIndex()
#14 /var/www/eskin/data/www/template/framework/web/CController.php(308): CInlineAction->runWithParams()
#15 /var/www/eskin/data/www/template/framework/web/filters/CFilterChain.php(133): PostController->runAction()
#16 /var/www/eskin/data/www/template/framework/web/filters/CFilter.php(40): CFilterChain->run()
#17 /var/www/eskin/data/www/template/framework/web/CController.php(1145): CAccessControlFilter->filter()
#18 /var/www/eskin/data/www/template/framework/web/filters/CInlineFilter.php(58): PostController->filterAccessControl()
#19 /var/www/eskin/data/www/template/framework/web/filters/CFilterChain.php(130): CInlineFilter->filter()
#20 /var/www/eskin/data/www/template/framework/web/CController.php(291): CFilterChain->run()
#21 /var/www/eskin/data/www/template/framework/web/CController.php(265): PostController->runActionWithFilters()
#22 /var/www/eskin/data/www/template/framework/web/CWebApplication.php(282): PostController->run()
#23 /var/www/eskin/data/www/template/framework/web/CWebApplication.php(141): CWebApplication->runController()
#24 /var/www/eskin/data/www/template/framework/base/CApplication.php(169): CWebApplication->processRequest()
#25 /var/www/eskin/data/www/template/demos/blog/index.php(11): CWebApplication->run()
REQUEST_URI=/
2013/03/01 20:37:40 [error] [php] date(): It is not safe to rely on the system's timezone settings. You are *required* to use the date.timezone setting or the date_default_timezone_set() function. In case you used any of those methods and you are still getting this warning, you most likely misspelled the timezone identifier. We selected 'Europe/Moscow' for 'MSK/4.0/no DST' instead (/var/www/eskin/data/www/template/demos/blog/protected/views/post/_view.php:6)
Stack trace:
#0 /var/www/eskin/data/www/template/framework/web/CBaseController.php(95): PostController->renderInternal()
#1 /var/www/eskin/data/www/template/framework/zii/widgets/CListView.php(281): PostController->renderFile()
#2 /var/www/eskin/data/www/template/framework/zii/widgets/CBaseListView.php(160): CListView->renderItems()
#3 unknown(0): CListView->renderSection()
#4 /var/www/eskin/data/www/template/framework/zii/widgets/CBaseListView.php(143): preg_replace_callback()
#5 /var/www/eskin/data/www/template/framework/zii/widgets/CBaseListView.php(128): CListView->renderContent()
#6 /var/www/eskin/data/www/template/framework/web/CBaseController.php(173): CListView->run()
#7 /var/www/eskin/data/www/template/demos/blog/protected/views/post/index.php(9): PostController->widget()
#8 /var/www/eskin/data/www/template/framework/web/CBaseController.php(126): require()
#9 /var/www/eskin/data/www/template/framework/web/CBaseController.php(95): PostController->renderInternal()
#10 /var/www/eskin/data/www/template/framework/web/CController.php(869): PostController->renderFile()
#11 /var/www/eskin/data/www/template/framework/web/CController.php(782): PostController->renderPartial()
#12 /var/www/eskin/data/www/template/demos/blog/protected/controllers/PostController.php(136): PostController->render()
#13 /var/www/eskin/data/www/template/framework/web/actions/CInlineAction.php(49): PostController->actionIndex()
#14 /var/www/eskin/data/www/template/framework/web/CController.php(308): CInlineAction->runWithParams()
#15 /var/www/eskin/data/www/template/framework/web/filters/CFilterChain.php(133): PostController->runAction()
#16 /var/www/eskin/data/www/template/framework/web/filters/CFilter.php(40): CFilterChain->run()
#17 /var/www/eskin/data/www/template/framework/web/CController.php(1145): CAccessControlFilter->filter()
#18 /var/www/eskin/data/www/template/framework/web/filters/CInlineFilter.php(58): PostController->filterAccessControl()
#19 /var/www/eskin/data/www/template/framework/web/filters/CFilterChain.php(130): CInlineFilter->filter()
#20 /var/www/eskin/data/www/template/framework/web/CController.php(291): CFilterChain->run()
#21 /var/www/eskin/data/www/template/framework/web/CController.php(265): PostController->runActionWithFilters()
#22 /var/www/eskin/data/www/template/framework/web/CWebApplication.php(282): PostController->run()
#23 /var/www/eskin/data/www/template/framework/web/CWebApplication.php(141): CWebApplication->runController()
#24 /var/www/eskin/data/www/template/framework/base/CApplication.php(169): CWebApplication->processRequest()
#25 /var/www/eskin/data/www/template/demos/blog/index.php(11): CWebApplication->run()
REQUEST_URI=/
2013/03/01 20:40:16 [error] [exception.CException] exception 'CException' with message 'Property "CDbConnection.db.password" is not defined.' in /var/www/eskin/data/www/template/framework/base/CComponent.php:173
Stack trace:
#0 /var/www/eskin/data/www/template/framework/YiiBase.php(220): CComponent->__set('db.password', 'urwsOe8U')
#1 /var/www/eskin/data/www/template/framework/base/CModule.php(386): YiiBase::createComponent(Array)
#2 /var/www/eskin/data/www/template/framework/base/CApplication.php(438): CModule->getComponent('db')
#3 /var/www/eskin/data/www/template/framework/db/ar/CActiveRecord.php(623): CApplication->getDb()
#4 /var/www/eskin/data/www/template/framework/db/ar/CActiveRecord.php(2309): CActiveRecord->getDbConnection()
#5 /var/www/eskin/data/www/template/framework/db/ar/CActiveRecord.php(387): CActiveRecordMetaData->__construct(Object(Post))
#6 /var/www/eskin/data/www/template/framework/web/CActiveDataProvider.php(74): CActiveRecord::model('Post')
#7 /var/www/eskin/data/www/template/demos/blog/protected/controllers/PostController.php(132): CActiveDataProvider->__construct('Post', Array)
#8 /var/www/eskin/data/www/template/framework/web/actions/CInlineAction.php(49): PostController->actionIndex()
#9 /var/www/eskin/data/www/template/framework/web/CController.php(308): CInlineAction->runWithParams(Array)
#10 /var/www/eskin/data/www/template/framework/web/filters/CFilterChain.php(133): CController->runAction(Object(CInlineAction))
#11 /var/www/eskin/data/www/template/framework/web/filters/CFilter.php(40): CFilterChain->run()
#12 /var/www/eskin/data/www/template/framework/web/CController.php(1145): CFilter->filter(Object(CFilterChain))
#13 /var/www/eskin/data/www/template/framework/web/filters/CInlineFilter.php(58): CController->filterAccessControl(Object(CFilterChain))
#14 /var/www/eskin/data/www/template/framework/web/filters/CFilterChain.php(130): CInlineFilter->filter(Object(CFilterChain))
#15 /var/www/eskin/data/www/template/framework/web/CController.php(291): CFilterChain->run()
#16 /var/www/eskin/data/www/template/framework/web/CController.php(265): CController->runActionWithFilters(Object(CInlineAction), Array)
#17 /var/www/eskin/data/www/template/framework/web/CWebApplication.php(282): CController->run('')
#18 /var/www/eskin/data/www/template/framework/web/CWebApplication.php(141): CWebApplication->runController('')
#19 /var/www/eskin/data/www/template/framework/base/CApplication.php(169): CWebApplication->processRequest()
#20 /var/www/eskin/data/www/template/demos/blog/index.php(11): CApplication->run()
#21 {main}
REQUEST_URI=/
---
2013/03/01 20:41:48 [error] [php] date(): It is not safe to rely on the system's timezone settings. You are *required* to use the date.timezone setting or the date_default_timezone_set() function. In case you used any of those methods and you are still getting this warning, you most likely misspelled the timezone identifier. We selected 'Europe/Moscow' for 'MSK/4.0/no DST' instead (/var/www/eskin/data/www/template/demos/blog/protected/views/post/_view.php:6)
Stack trace:
#0 /var/www/eskin/data/www/template/framework/web/CBaseController.php(95): PostController->renderInternal()
#1 /var/www/eskin/data/www/template/framework/zii/widgets/CListView.php(281): PostController->renderFile()
#2 /var/www/eskin/data/www/template/framework/zii/widgets/CBaseListView.php(160): CListView->renderItems()
#3 unknown(0): CListView->renderSection()
#4 /var/www/eskin/data/www/template/framework/zii/widgets/CBaseListView.php(143): preg_replace_callback()
#5 /var/www/eskin/data/www/template/framework/zii/widgets/CBaseListView.php(128): CListView->renderContent()
#6 /var/www/eskin/data/www/template/framework/web/CBaseController.php(173): CListView->run()
#7 /var/www/eskin/data/www/template/demos/blog/protected/views/post/index.php(9): PostController->widget()
#8 /var/www/eskin/data/www/template/framework/web/CBaseController.php(126): require()
#9 /var/www/eskin/data/www/template/framework/web/CBaseController.php(95): PostController->renderInternal()
#10 /var/www/eskin/data/www/template/framework/web/CController.php(869): PostController->renderFile()
#11 /var/www/eskin/data/www/template/framework/web/CController.php(782): PostController->renderPartial()
#12 /var/www/eskin/data/www/template/demos/blog/protected/controllers/PostController.php(136): PostController->render()
#13 /var/www/eskin/data/www/template/framework/web/actions/CInlineAction.php(49): PostController->actionIndex()
#14 /var/www/eskin/data/www/template/framework/web/CController.php(308): CInlineAction->runWithParams()
#15 /var/www/eskin/data/www/template/framework/web/filters/CFilterChain.php(133): PostController->runAction()
#16 /var/www/eskin/data/www/template/framework/web/filters/CFilter.php(40): CFilterChain->run()
#17 /var/www/eskin/data/www/template/framework/web/CController.php(1145): CAccessControlFilter->filter()
#18 /var/www/eskin/data/www/template/framework/web/filters/CInlineFilter.php(58): PostController->filterAccessControl()
#19 /var/www/eskin/data/www/template/framework/web/filters/CFilterChain.php(130): CInlineFilter->filter()
#20 /var/www/eskin/data/www/template/framework/web/CController.php(291): CFilterChain->run()
#21 /var/www/eskin/data/www/template/framework/web/CController.php(265): PostController->runActionWithFilters()
#22 /var/www/eskin/data/www/template/framework/web/CWebApplication.php(282): PostController->run()
#23 /var/www/eskin/data/www/template/framework/web/CWebApplication.php(141): CWebApplication->runController()
#24 /var/www/eskin/data/www/template/framework/base/CApplication.php(169): CWebApplication->processRequest()
#25 /var/www/eskin/data/www/template/demos/blog/index.php(11): CWebApplication->run()
REQUEST_URI=/
2013/03/01 16:47:03 [error] [exception.CHttpException.404] exception 'CHttpException' with message 'The system is unable to find the requested action "index".' in /var/www/eskin/data/www/template/framework/web/CController.php:483
Stack trace:
#0 /var/www/eskin/data/www/template/framework/web/CController.php(270): CController->missingAction('')
#1 /var/www/eskin/data/www/template/framework/web/CWebApplication.php(282): CController->run('')
#2 /var/www/eskin/data/www/template/framework/web/CWebApplication.php(141): CWebApplication->runController('')
#3 /var/www/eskin/data/www/template/framework/base/CApplication.php(169): CWebApplication->processRequest()
#4 /var/www/eskin/data/www/template/demos/blog/index.php(13): CApplication->run()
#5 {main}
REQUEST_URI=/
---
2013/03/01 16:53:49 [error] [exception.CHttpException.404] exception 'CHttpException' with message 'The system is unable to find the requested action "index".' in /var/www/eskin/data/www/template/framework/web/CController.php:483
Stack trace:
#0 /var/www/eskin/data/www/template/framework/web/CController.php(270): CController->missingAction('')
#1 /var/www/eskin/data/www/template/framework/web/CWebApplication.php(282): CController->run('')
#2 /var/www/eskin/data/www/template/framework/web/CWebApplication.php(141): CWebApplication->runController('')
#3 /var/www/eskin/data/www/template/framework/base/CApplication.php(169): CWebApplication->processRequest()
#4 /var/www/eskin/data/www/template/demos/blog/index.php(13): CApplication->run()
#5 {main}
REQUEST_URI=/
---
2013/03/01 17:05:59 [error] [exception.CHttpException.404] exception 'CHttpException' with message 'Unable to resolve the request "favicon.ico".' in /var/www/eskin/data/www/template/framework/web/CWebApplication.php:286
Stack trace:
#0 /var/www/eskin/data/www/template/framework/web/CWebApplication.php(141): CWebApplication->runController('favicon.ico')
#1 /var/www/eskin/data/www/template/framework/base/CApplication.php(169): CWebApplication->processRequest()
#2 /var/www/eskin/data/www/template/demos/blog/index.php(13): CApplication->run()
#3 {main}
REQUEST_URI=/favicon.ico
---
2013/03/01 17:06:02 [error] [exception.CHttpException.404] exception 'CHttpException' with message 'Unable to resolve the request "favicon.ico".' in /var/www/eskin/data/www/template/framework/web/CWebApplication.php:286
Stack trace:
#0 /var/www/eskin/data/www/template/framework/web/CWebApplication.php(141): CWebApplication->runController('favicon.ico')
#1 /var/www/eskin/data/www/template/framework/base/CApplication.php(169): CWebApplication->processRequest()
#2 /var/www/eskin/data/www/template/demos/blog/index.php(13): CApplication->run()
#3 {main}
REQUEST_URI=/favicon.ico
---
2013/03/01 17:08:02 [error] [exception.CHttpException.404] exception 'CHttpException' with message 'Unable to resolve the request "favicon.ico".' in /var/www/eskin/data/www/template/framework/web/CWebApplication.php:286
Stack trace:
#0 /var/www/eskin/data/www/template/framework/web/CWebApplication.php(141): CWebApplication->runController('favicon.ico')
#1 /var/www/eskin/data/www/template/framework/base/CApplication.php(169): CWebApplication->processRequest()
#2 /var/www/eskin/data/www/template/demos/blog/index.php(13): CApplication->run()
#3 {main}
REQUEST_URI=/favicon.ico
---
2013/03/01 17:09:25 [error] [exception.CHttpException.404] exception 'CHttpException' with message 'Unable to resolve the request "favicon.ico".' in /var/www/eskin/data/www/template/framework/web/CWebApplication.php:286
Stack trace:
#0 /var/www/eskin/data/www/template/framework/web/CWebApplication.php(141): CWebApplication->runController('favicon.ico')
#1 /var/www/eskin/data/www/template/framework/base/CApplication.php(169): CWebApplication->processRequest()
#2 /var/www/eskin/data/www/template/demos/blog/index.php(13): CApplication->run()
#3 {main}
REQUEST_URI=/favicon.ico
---
2013/03/01 17:10:09 [error] [exception.CHttpException.404] exception 'CHttpException' with message 'Unable to resolve the request "favicon.ico".' in /var/www/eskin/data/www/template/framework/web/CWebApplication.php:286
Stack trace:
#0 /var/www/eskin/data/www/template/framework/web/CWebApplication.php(141): CWebApplication->runController('favicon.ico')
#1 /var/www/eskin/data/www/template/framework/base/CApplication.php(169): CWebApplication->processRequest()
#2 /var/www/eskin/data/www/template/demos/blog/index.php(13): CApplication->run()
#3 {main}
REQUEST_URI=/favicon.ico
---
2013/03/01 17:10:11 [error] [exception.CHttpException.404] exception 'CHttpException' with message 'Unable to resolve the request "favicon.ico".' in /var/www/eskin/data/www/template/framework/web/CWebApplication.php:286
Stack trace:
#0 /var/www/eskin/data/www/template/framework/web/CWebApplication.php(141): CWebApplication->runController('favicon.ico')
#1 /var/www/eskin/data/www/template/framework/base/CApplication.php(169): CWebApplication->processRequest()
#2 /var/www/eskin/data/www/template/demos/blog/index.php(13): CApplication->run()
#3 {main}
REQUEST_URI=/favicon.ico
---
2013/03/01 17:10:12 [error] [exception.CHttpException.404] exception 'CHttpException' with message 'Unable to resolve the request "favicon.ico".' in /var/www/eskin/data/www/template/framework/web/CWebApplication.php:286
Stack trace:
#0 /var/www/eskin/data/www/template/framework/web/CWebApplication.php(141): CWebApplication->runController('favicon.ico')
#1 /var/www/eskin/data/www/template/framework/base/CApplication.php(169): CWebApplication->processRequest()
#2 /var/www/eskin/data/www/template/demos/blog/index.php(13): CApplication->run()
#3 {main}
REQUEST_URI=/favicon.ico
---
2013/03/01 17:10:12 [error] [exception.CHttpException.404] exception 'CHttpException' with message 'Unable to resolve the request "favicon.ico".' in /var/www/eskin/data/www/template/framework/web/CWebApplication.php:286
Stack trace:
#0 /var/www/eskin/data/www/template/framework/web/CWebApplication.php(141): CWebApplication->runController('favicon.ico')
#1 /var/www/eskin/data/www/template/framework/base/CApplication.php(169): CWebApplication->processRequest()
#2 /var/www/eskin/data/www/template/demos/blog/index.php(13): CApplication->run()
#3 {main}
REQUEST_URI=/favicon.ico
---
2013/03/01 17:10:13 [error] [exception.CHttpException.404] exception 'CHttpException' with message 'Unable to resolve the request "favicon.ico".' in /var/www/eskin/data/www/template/framework/web/CWebApplication.php:286
Stack trace:
#0 /var/www/eskin/data/www/template/framework/web/CWebApplication.php(141): CWebApplication->runController('favicon.ico')
#1 /var/www/eskin/data/www/template/framework/base/CApplication.php(169): CWebApplication->processRequest()
#2 /var/www/eskin/data/www/template/demos/blog/index.php(13): CApplication->run()
#3 {main}
REQUEST_URI=/favicon.ico
---
2013/03/01 17:10:15 [error] [exception.CHttpException.404] exception 'CHttpException' with message 'Unable to resolve the request "favicon.ico".' in /var/www/eskin/data/www/template/framework/web/CWebApplication.php:286
Stack trace:
#0 /var/www/eskin/data/www/template/framework/web/CWebApplication.php(141): CWebApplication->runController('favicon.ico')
#1 /var/www/eskin/data/www/template/framework/base/CApplication.php(169): CWebApplication->processRequest()
#2 /var/www/eskin/data/www/template/demos/blog/index.php(13): CApplication->run()
#3 {main}
REQUEST_URI=/favicon.ico
---
2013/03/01 17:10:43 [error] [exception.CHttpException.404] exception 'CHttpException' with message 'Unable to resolve the request "favicon.ico".' in /var/www/eskin/data/www/template/framework/web/CWebApplication.php:286
Stack trace:
#0 /var/www/eskin/data/www/template/framework/web/CWebApplication.php(141): CWebApplication->runController('favicon.ico')
#1 /var/www/eskin/data/www/template/framework/base/CApplication.php(169): CWebApplication->processRequest()
#2 /var/www/eskin/data/www/template/demos/blog/index.php(13): CApplication->run()
#3 {main}
REQUEST_URI=/favicon.ico
---
2013/03/01 17:10:53 [error] [exception.CHttpException.404] exception 'CHttpException' with message 'Unable to resolve the request "favicon.ico".' in /var/www/eskin/data/www/template/framework/web/CWebApplication.php:286
Stack trace:
#0 /var/www/eskin/data/www/template/framework/web/CWebApplication.php(141): CWebApplication->runController('favicon.ico')
#1 /var/www/eskin/data/www/template/framework/base/CApplication.php(169): CWebApplication->processRequest()
#2 /var/www/eskin/data/www/template/demos/blog/index.php(13): CApplication->run()
#3 {main}
REQUEST_URI=/favicon.ico
---
2013/03/01 17:13:22 [error] [exception.CHttpException.404] exception 'CHttpException' with message 'Unable to resolve the request "favicon.ico".' in /var/www/eskin/data/www/template/framework/web/CWebApplication.php:286
Stack trace:
#0 /var/www/eskin/data/www/template/framework/web/CWebApplication.php(141): CWebApplication->runController('favicon.ico')
#1 /var/www/eskin/data/www/template/framework/base/CApplication.php(169): CWebApplication->processRequest()
#2 /var/www/eskin/data/www/template/demos/blog/index.php(13): CApplication->run()
#3 {main}
REQUEST_URI=/favicon.ico
---
2013/03/01 17:13:28 [error] [exception.CHttpException.404] exception 'CHttpException' with message 'Unable to resolve the request "favicon.ico".' in /var/www/eskin/data/www/template/framework/web/CWebApplication.php:286
Stack trace:
#0 /var/www/eskin/data/www/template/framework/web/CWebApplication.php(141): CWebApplication->runController('favicon.ico')
#1 /var/www/eskin/data/www/template/framework/base/CApplication.php(169): CWebApplication->processRequest()
#2 /var/www/eskin/data/www/template/demos/blog/index.php(13): CApplication->run()
#3 {main}
REQUEST_URI=/favicon.ico
---
2013/03/01 17:13:37 [error] [exception.CHttpException.404] exception 'CHttpException' with message 'Unable to resolve the request "favicon.ico".' in /var/www/eskin/data/www/template/framework/web/CWebApplication.php:286
Stack trace:
#0 /var/www/eskin/data/www/template/framework/web/CWebApplication.php(141): CWebApplication->runController('favicon.ico')
#1 /var/www/eskin/data/www/template/framework/base/CApplication.php(169): CWebApplication->processRequest()
#2 /var/www/eskin/data/www/template/demos/blog/index.php(13): CApplication->run()
#3 {main}
REQUEST_URI=/favicon.ico
---
2013/03/01 17:14:44 [error] [exception.CHttpException.404] exception 'CHttpException' with message 'Unable to resolve the request "favicon.ico".' in /var/www/eskin/data/www/template/framework/web/CWebApplication.php:286
Stack trace:
#0 /var/www/eskin/data/www/template/framework/web/CWebApplication.php(141): CWebApplication->runController('favicon.ico')
#1 /var/www/eskin/data/www/template/framework/base/CApplication.php(169): CWebApplication->processRequest()
#2 /var/www/eskin/data/www/template/demos/blog/index.php(13): CApplication->run()
#3 {main}
REQUEST_URI=/favicon.ico
---
2013/03/01 17:15:09 [error] [exception.CHttpException.404] exception 'CHttpException' with message 'Unable to resolve the request "favicon.ico".' in /var/www/eskin/data/www/template/framework/web/CWebApplication.php:286
Stack trace:
#0 /var/www/eskin/data/www/template/framework/web/CWebApplication.php(141): CWebApplication->runController('favicon.ico')
#1 /var/www/eskin/data/www/template/framework/base/CApplication.php(169): CWebApplication->processRequest()
#2 /var/www/eskin/data/www/template/demos/blog/index.php(13): CApplication->run()
#3 {main}
REQUEST_URI=/favicon.ico
---
2013/03/01 17:15:15 [error] [exception.CHttpException.404] exception 'CHttpException' with message 'Unable to resolve the request "favicon.ico".' in /var/www/eskin/data/www/template/framework/web/CWebApplication.php:286
Stack trace:
#0 /var/www/eskin/data/www/template/framework/web/CWebApplication.php(141): CWebApplication->runController('favicon.ico')
#1 /var/www/eskin/data/www/template/framework/base/CApplication.php(169): CWebApplication->processRequest()
#2 /var/www/eskin/data/www/template/demos/blog/index.php(13): CApplication->run()
#3 {main}
REQUEST_URI=/favicon.ico
---
2013/03/01 17:15:15 [error] [exception.CHttpException.404] exception 'CHttpException' with message 'Unable to resolve the request "favicon.ico".' in /var/www/eskin/data/www/template/framework/web/CWebApplication.php:286
Stack trace:
#0 /var/www/eskin/data/www/template/framework/web/CWebApplication.php(141): CWebApplication->runController('favicon.ico')
#1 /var/www/eskin/data/www/template/framework/base/CApplication.php(169): CWebApplication->processRequest()
#2 /var/www/eskin/data/www/template/demos/blog/index.php(13): CApplication->run()
#3 {main}
REQUEST_URI=/favicon.ico
---
2013/03/01 17:16:23 [error] [exception.CHttpException.404] exception 'CHttpException' with message 'Unable to resolve the request "favicon.ico".' in /var/www/eskin/data/www/template/framework/web/CWebApplication.php:286
Stack trace:
#0 /var/www/eskin/data/www/template/framework/web/CWebApplication.php(141): CWebApplication->runController('favicon.ico')
#1 /var/www/eskin/data/www/template/framework/base/CApplication.php(169): CWebApplication->processRequest()
#2 /var/www/eskin/data/www/template/demos/blog/index.php(13): CApplication->run()
#3 {main}
REQUEST_URI=/favicon.ico
---
2013/03/01 17:17:13 [error] [exception.CHttpException.404] exception 'CHttpException' with message 'Unable to resolve the request "favicon.ico".' in /var/www/eskin/data/www/template/framework/web/CWebApplication.php:286
Stack trace:
#0 /var/www/eskin/data/www/template/framework/web/CWebApplication.php(141): CWebApplication->runController('favicon.ico')
#1 /var/www/eskin/data/www/template/framework/base/CApplication.php(169): CWebApplication->processRequest()
#2 /var/www/eskin/data/www/template/demos/blog/index.php(13): CApplication->run()
#3 {main}
REQUEST_URI=/favicon.ico
---
2013/03/01 17:17:14 [error] [exception.CHttpException.404] exception 'CHttpException' with message 'Unable to resolve the request "favicon.ico".' in /var/www/eskin/data/www/template/framework/web/CWebApplication.php:286
Stack trace:
#0 /var/www/eskin/data/www/template/framework/web/CWebApplication.php(141): CWebApplication->runController('favicon.ico')
#1 /var/www/eskin/data/www/template/framework/base/CApplication.php(169): CWebApplication->processRequest()
#2 /var/www/eskin/data/www/template/demos/blog/index.php(13): CApplication->run()
#3 {main}
REQUEST_URI=/favicon.ico
---
2013/03/01 17:18:03 [error] [exception.CHttpException.404] exception 'CHttpException' with message 'Unable to resolve the request "favicon.ico".' in /var/www/eskin/data/www/template/framework/web/CWebApplication.php:286
Stack trace:
#0 /var/www/eskin/data/www/template/framework/web/CWebApplication.php(141): CWebApplication->runController('favicon.ico')
#1 /var/www/eskin/data/www/template/framework/base/CApplication.php(169): CWebApplication->processRequest()
#2 /var/www/eskin/data/www/template/demos/blog/index.php(13): CApplication->run()
#3 {main}
REQUEST_URI=/favicon.ico
---
2013/03/01 17:18:12 [error] [exception.CHttpException.404] exception 'CHttpException' with message 'Unable to resolve the request "favicon.ico".' in /var/www/eskin/data/www/template/framework/web/CWebApplication.php:286
Stack trace:
#0 /var/www/eskin/data/www/template/framework/web/CWebApplication.php(141): CWebApplication->runController('favicon.ico')
#1 /var/www/eskin/data/www/template/framework/base/CApplication.php(169): CWebApplication->processRequest()
#2 /var/www/eskin/data/www/template/demos/blog/index.php(13): CApplication->run()
#3 {main}
REQUEST_URI=/favicon.ico
---
2013/03/01 17:21:35 [error] [exception.CHttpException.404] exception 'CHttpException' with message 'Unable to resolve the request "favicon.ico".' in /var/www/eskin/data/www/template/framework/web/CWebApplication.php:286
Stack trace:
#0 /var/www/eskin/data/www/template/framework/web/CWebApplication.php(141): CWebApplication->runController('favicon.ico')
#1 /var/www/eskin/data/www/template/framework/base/CApplication.php(169): CWebApplication->processRequest()
#2 /var/www/eskin/data/www/template/demos/blog/index.php(13): CApplication->run()
#3 {main}
REQUEST_URI=/favicon.ico
---
2013/03/01 17:22:54 [error] [exception.CHttpException.404] exception 'CHttpException' with message 'Unable to resolve the request "favicon.ico".' in /var/www/eskin/data/www/template/framework/web/CWebApplication.php:286
Stack trace:
#0 /var/www/eskin/data/www/template/framework/web/CWebApplication.php(141): CWebApplication->runController('favicon.ico')
#1 /var/www/eskin/data/www/template/framework/base/CApplication.php(169): CWebApplication->processRequest()
#2 /var/www/eskin/data/www/template/demos/blog/index.php(13): CApplication->run()
#3 {main}
REQUEST_URI=/favicon.ico
---
2013/03/01 21:28:04 [error] [exception.CHttpException.404] exception 'CHttpException' with message 'Unable to resolve the request "favicon.ico".' in /var/www/eskin/data/www/template/framework/web/CWebApplication.php:286
Stack trace:
#0 /var/www/eskin/data/www/template/framework/web/CWebApplication.php(141): CWebApplication->runController('favicon.ico')
#1 /var/www/eskin/data/www/template/framework/base/CApplication.php(169): CWebApplication->processRequest()
#2 /var/www/eskin/data/www/template/demos/blog/index.php(13): CApplication->run()
#3 {main}
REQUEST_URI=/favicon.ico
---
2013/03/04 13:48:31 [error] [exception.CHttpException.404] exception 'CHttpException' with message 'Unable to resolve the request "favicon.ico".' in /var/www/eskin/data/www/template/framework/web/CWebApplication.php:286
Stack trace:
#0 /var/www/eskin/data/www/template/framework/web/CWebApplication.php(141): CWebApplication->runController('favicon.ico')
#1 /var/www/eskin/data/www/template/framework/base/CApplication.php(169): CWebApplication->processRequest()
#2 /var/www/eskin/data/www/template/demos/blog/index.php(13): CApplication->run()
#3 {main}
REQUEST_URI=/favicon.ico
---
2013/03/04 13:49:24 [error] [exception.CHttpException.404] exception 'CHttpException' with message 'Unable to resolve the request "favicon.ico".' in /var/www/eskin/data/www/template/framework/web/CWebApplication.php:286
Stack trace:
#0 /var/www/eskin/data/www/template/framework/web/CWebApplication.php(141): CWebApplication->runController('favicon.ico')
#1 /var/www/eskin/data/www/template/framework/base/CApplication.php(169): CWebApplication->processRequest()
#2 /var/www/eskin/data/www/template/demos/blog/index.php(13): CApplication->run()
#3 {main}
REQUEST_URI=/favicon.ico
---
2013/03/04 13:51:00 [error] [exception.CHttpException.404] exception 'CHttpException' with message 'Unable to resolve the request "favicon.ico".' in /var/www/eskin/data/www/template/framework/web/CWebApplication.php:286
Stack trace:
#0 /var/www/eskin/data/www/template/framework/web/CWebApplication.php(141): CWebApplication->runController('favicon.ico')
#1 /var/www/eskin/data/www/template/framework/base/CApplication.php(169): CWebApplication->processRequest()
#2 /var/www/eskin/data/www/template/demos/blog/index.php(13): CApplication->run()
#3 {main}
REQUEST_URI=/favicon.ico
---
2013/03/04 13:51:02 [error] [exception.CHttpException.404] exception 'CHttpException' with message 'Unable to resolve the request "favicon.ico".' in /var/www/eskin/data/www/template/framework/web/CWebApplication.php:286
Stack trace:
#0 /var/www/eskin/data/www/template/framework/web/CWebApplication.php(141): CWebApplication->runController('favicon.ico')
#1 /var/www/eskin/data/www/template/framework/base/CApplication.php(169): CWebApplication->processRequest()
#2 /var/www/eskin/data/www/template/demos/blog/index.php(13): CApplication->run()
#3 {main}
REQUEST_URI=/favicon.ico
---
2013/03/04 13:51:15 [error] [exception.CHttpException.404] exception 'CHttpException' with message 'Unable to resolve the request "favicon.ico".' in /var/www/eskin/data/www/template/framework/web/CWebApplication.php:286
Stack trace:
#0 /var/www/eskin/data/www/template/framework/web/CWebApplication.php(141): CWebApplication->runController('favicon.ico')
#1 /var/www/eskin/data/www/template/framework/base/CApplication.php(169): CWebApplication->processRequest()
#2 /var/www/eskin/data/www/template/demos/blog/index.php(13): CApplication->run()
#3 {main}
REQUEST_URI=/favicon.ico
---
